<?xml version="1.0" encoding="UTF-8"?>
<!-- Generated by org.testng.reporters.JUnitReportReporter -->
<testsuite hostname="DESKTOP-DS776G2" failures="0" tests="1" name="TenMinuteSchool.min.Homepage" time="45.542" errors="0" timestamp="2024-05-23T16:32:57 BDT" skipped="0">
  <testcase classname="TenMinuteSchool.min.Homepage" name="HomePage" time="45.542"/>
  <system-out/>
</testsuite> <!-- TenMinuteSchool.min.Homepage -->
