<?xml version="1.0" encoding="UTF-8"?>
<!-- Generated by org.testng.reporters.JUnitReportReporter -->
<testsuite hostname="DESKTOP-HR04UUE" failures="0" tests="1" name="TenMinuteSchool.min.Homepage" time="60.708" errors="0" timestamp="2024-05-24T19:34:36 BDT" skipped="0">
  <testcase classname="TenMinuteSchool.min.Homepage" name="HomePage" time="60.708"/>
  <system-out/>
</testsuite> <!-- TenMinuteSchool.min.Homepage -->
