<?xml version="1.0" encoding="UTF-8"?>
<!-- Generated by org.testng.reporters.JUnitReportReporter -->
<testsuite hostname="DESKTOP-DS776G2" failures="0" tests="1" name="testcases.SearchTest" time="46.409" errors="0" timestamp="2024-06-03T17:42:41 BDT" skipped="0">
  <testcase classname="testcases.SearchTest" name="searchTestCase" time="46.409"/>
  <system-out/>
</testsuite> <!-- testcases.SearchTest -->
