<?xml version="1.0" encoding="UTF-8"?>
<!-- Generated by org.testng.reporters.JUnitReportReporter -->
<testsuite hostname="DESKTOP-DS776G2" failures="0" tests="1" name="testcases.LoginTest" time="52.008" errors="0" timestamp="2024-06-04T18:58:35 BDT" skipped="0">
  <testcase classname="testcases.LoginTest" name="LoginTestPage" time="52.008"/>
  <system-out/>
</testsuite> <!-- testcases.LoginTest -->
