<?xml version="1.0" encoding="UTF-8"?>
<!-- Generated by org.testng.reporters.JUnitReportReporter -->
<testsuite hostname="DESKTOP-DS776G2" failures="0" tests="1" name="TenMinuteSchool.min.SignUp" time="17.618" errors="0" timestamp="2024-05-23T15:44:55 BDT" skipped="0">
  <testcase classname="TenMinuteSchool.min.SignUp" name="SignUpTest" time="17.618"/>
  <system-out/>
</testsuite> <!-- TenMinuteSchool.min.SignUp -->
