<?xml version="1.0" encoding="UTF-8"?>
<!-- Generated by org.testng.reporters.JUnitReportReporter -->
<testsuite hostname="DESKTOP-DS776G2" failures="0" tests="1" name="testcases.HomePageTest" time="92.478" errors="0" timestamp="2024-06-13T18:28:52 BDT" skipped="0">
  <testcase classname="testcases.HomePageTest" name="HomeTestCase" time="92.478"/>
  <system-out/>
</testsuite> <!-- testcases.HomePageTest -->
