<?xml version="1.0" encoding="UTF-8"?>
<!-- Generated by org.testng.reporters.JUnitReportReporter -->
<testsuite hostname="DESKTOP-HR04UUE" failures="0" tests="1" name="testcases.HomePageTest" time="148.210" errors="0" timestamp="2024-06-20T22:12:34 BDT" skipped="0">
  <testcase classname="testcases.HomePageTest" name="HomeTestCase" time="148.210"/>
  <system-out/>
</testsuite> <!-- testcases.HomePageTest -->
